<?xml version="1.0" encoding="UTF-8"?>
<!-- Generated by org.testng.reporters.JUnitXMLReporter -->
<testsuite ignored="5" hostname="Muthu" failures="0" tests="4" name="Test" time="19.444" errors="0" timestamp="2024-01-14T20:32:34 IST">
  <testcase classname="com.test.Runner" name="launchaApplication" time="8.847"/>
  <testcase classname="com.test.Runner" name="searchProduct" time="4.86"/>
  <testcase classname="com.test.Runner" name="addtoCart" time="2.03"/>
  <testcase classname="com.test.Runner" name="removeCart" time="1.051"/>
  <testcase classname="com.test.Runner" name="deliveryAddress" time="0.0">
    <ignored/>
  </testcase> <!-- deliveryAddress -->
  <testcase classname="com.test.Runner" name="Login" time="0.0">
    <ignored/>
  </testcase> <!-- Login -->
  <testcase classname="com.test.Runner" name="orderSummary" time="0.0">
    <ignored/>
  </testcase> <!-- orderSummary -->
  <testcase classname="com.test.Runner" name="placeOrder" time="0.0">
    <ignored/>
  </testcase> <!-- placeOrder -->
  <testcase classname="com.test.Runner" name="payment" time="0.0">
    <ignored/>
  </testcase> <!-- payment -->
</testsuite> <!-- Test -->
